<component name="libraryTable">
  <library name="junit-4.12">
    <CLASSES>
      <root url="jar://$APPLICATION_HOME_DIR$/lib/junit-4.12.jar!/" />
<<<<<<< Updated upstream
      <root url="jar://$APPLICATION_HOME_DIR$/lib/hamcrest-core-1.3.jar!/" />
=======
>>>>>>> Stashed changes
    </CLASSES>
    <JAVADOC />
    <SOURCES />
  </library>
</component>